<?xml version="1.0" encoding="UTF-8"?>
<!-- Generated by org.testng.reporters.JUnitReportReporter -->
<testsuite hostname="Anish" failures="0" tests="5" name="com.saucedemo.tests.LoginTest" time="7.019" errors="0" timestamp="2023-12-10T10:47:34 IST" skipped="0">
  <testcase classname="com.saucedemo.tests.LoginTest" name="TC002_invalidCredentials" time="1.787"/>
  <system-out/>
  <testcase classname="com.saucedemo.tests.LoginTest" name="TC004_validPasswordInvalidUsername" time="1.424"/>
  <system-out/>
  <testcase classname="com.saucedemo.tests.LoginTest" name="TC003_validUsernameInvalidPassword" time="1.347"/>
  <system-out/>
  <testcase classname="com.saucedemo.tests.LoginTest" name="TC005_loginWithoutCredentials" time="1.125"/>
  <system-out/>
  <testcase classname="com.saucedemo.tests.LoginTest" name="TC001_loginValidCredentials" time="1.336"/>
  <system-out/>
</testsuite> <!-- com.saucedemo.tests.LoginTest -->
